<?xml version="1.0" encoding="UTF-8"?>
<testng-results ignored="0" total="2" passed="2" failed="0" skipped="0">
  <reporter-output>
  </reporter-output>
  <suite started-at="2023-10-26T06:49:28Z" name="Suite1" finished-at="2023-10-26T06:49:33Z" duration-ms="5219">
    <groups>
    </groups>
    <test started-at="2023-10-26T06:49:28Z" name="Test" finished-at="2023-10-26T06:49:33Z" duration-ms="5219">
      <class name="mytest.FirstProgram">
        <test-method is-config="true" signature="setup()[pri:0, instance:mytest.FirstProgram@3f56875e]" started-at="2023-10-26T12:19:28Z" name="setup" finished-at="2023-10-26T12:19:31Z" duration-ms="2728" status="PASS">
          <reporter-output>
          </reporter-output>
        </test-method> <!-- setup -->
        <test-method signature="verifyTitle()[pri:0, instance:mytest.FirstProgram@3f56875e]" started-at="2023-10-26T12:19:31Z" name="verifyTitle" finished-at="2023-10-26T12:19:31Z" duration-ms="25" status="PASS">
          <reporter-output>
          </reporter-output>
        </test-method> <!-- verifyTitle -->
        <test-method is-config="true" signature="teardown()[pri:0, instance:mytest.FirstProgram@3f56875e]" started-at="2023-10-26T12:19:31Z" name="teardown" finished-at="2023-10-26T12:19:31Z" duration-ms="148" status="PASS">
          <reporter-output>
          </reporter-output>
        </test-method> <!-- teardown -->
        <test-method is-config="true" signature="setup()[pri:0, instance:mytest.FirstProgram@3f56875e]" started-at="2023-10-26T12:19:31Z" name="setup" finished-at="2023-10-26T12:19:33Z" duration-ms="2150" status="PASS">
          <reporter-output>
          </reporter-output>
        </test-method> <!-- setup -->
        <test-method signature="verifyTitle1()[pri:0, instance:mytest.FirstProgram@3f56875e]" started-at="2023-10-26T12:19:33Z" name="verifyTitle1" finished-at="2023-10-26T12:19:33Z" duration-ms="17" status="PASS">
          <reporter-output>
          </reporter-output>
        </test-method> <!-- verifyTitle1 -->
        <test-method is-config="true" signature="teardown()[pri:0, instance:mytest.FirstProgram@3f56875e]" started-at="2023-10-26T12:19:33Z" name="teardown" finished-at="2023-10-26T12:19:33Z" duration-ms="139" status="PASS">
          <reporter-output>
          </reporter-output>
        </test-method> <!-- teardown -->
      </class> <!-- mytest.FirstProgram -->
    </test> <!-- Test -->
  </suite> <!-- Suite1 -->
</testng-results>
